<?xml version="1.0" encoding="UTF-8"?>
<!-- Generated by org.testng.reporters.JUnitXMLReporter -->
<testsuite ignored="0" hostname="Mayura-Kale" failures="0" tests="12" name="Test" time="6.25" errors="0" timestamp="2023-07-17T22:11:06 IST">
  <testcase classname="testcases.CareersApplyTests" name="nameLabelValidation" time="0.192"/>
  <testcase classname="testcases.CareersApplyTests" name="nameTextboxValidation" time="0.513"/>
  <testcase classname="testcases.CareersApplyTests" name="emailLabelValidation" time="0.132"/>
  <testcase classname="testcases.CareersApplyTests" name="emailTextboxValidation" time="0.679"/>
  <testcase classname="testcases.CareersApplyTests" name="phoneLabelValidation" time="0.075"/>
  <testcase classname="testcases.CareersApplyTests" name="phoneTextboxValidation" time="0.129"/>
  <testcase classname="testcases.CareersApplyTests" name="resumeLabelValidation" time="0.04"/>
  <testcase classname="testcases.CareersApplyTests" name="resumeTextboxValidation" time="0.183"/>
  <testcase classname="testcases.CareersApplyTests" name="descriptionLabelValidation" time="0.083"/>
  <testcase classname="testcases.CareersApplyTests" name="descriptionTextboxValidation" time="3.333"/>
  <testcase classname="testcases.CareersApplyTests" name="applyNowButtonLabelValidation" time="0.09"/>
  <testcase classname="testcases.CareersApplyTests" name="applyNowButtonValidation" time="0.495"/>
</testsuite> <!-- Test -->
